F:\PENDRIVE GRAPHICS\PROJECT FLAPPY BIRD\PROJECT FLAPPY BIRD\DEBUG\SOURCE.OBJ
F:\PENDRIVE GRAPHICS\PROJECT FLAPPY BIRD\PROJECT FLAPPY BIRD\DEBUG\VC110.PDB
F:\PENDRIVE\PROJECT FLAPPY BIRD\PROJECT FLAPPY BIRD\DEBUG\VC110.PDB
F:\PENDRIVE GRAPHICS\PROJECT FLAPPY BIRD\DEBUG\PROJECT FLAPPY BIRD.ILK
F:\PENDRIVE GRAPHICS\PROJECT FLAPPY BIRD\DEBUG\PROJECT FLAPPY BIRD.EXE
F:\PENDRIVE GRAPHICS\PROJECT FLAPPY BIRD\DEBUG\PROJECT FLAPPY BIRD.PDB
F:\PENDRIVE\Project flappy bird\Project flappy bird\Debug\cl.command.1.tlog
F:\PENDRIVE\Project flappy bird\Project flappy bird\Debug\CL.read.1.tlog
F:\PENDRIVE\Project flappy bird\Project flappy bird\Debug\CL.write.1.tlog
F:\PENDRIVE\Project flappy bird\Project flappy bird\Debug\link-cvtres.read.1.tlog
F:\PENDRIVE\Project flappy bird\Project flappy bird\Debug\link-cvtres.write.1.tlog
F:\PENDRIVE\Project flappy bird\Project flappy bird\Debug\link-rc.read.1.tlog
F:\PENDRIVE\Project flappy bird\Project flappy bird\Debug\link-rc.write.1.tlog
F:\PENDRIVE\Project flappy bird\Project flappy bird\Debug\link.4692-cvtres.read.1.tlog
F:\PENDRIVE\Project flappy bird\Project flappy bird\Debug\link.4692-cvtres.write.1.tlog
F:\PENDRIVE\Project flappy bird\Project flappy bird\Debug\link.4692-rc.read.1.tlog
F:\PENDRIVE\Project flappy bird\Project flappy bird\Debug\link.4692-rc.write.1.tlog
F:\PENDRIVE\Project flappy bird\Project flappy bird\Debug\link.4692.read.1.tlog
F:\PENDRIVE\Project flappy bird\Project flappy bird\Debug\link.4692.write.1.tlog
F:\PENDRIVE\Project flappy bird\Project flappy bird\Debug\link.command.1.tlog
F:\PENDRIVE\Project flappy bird\Project flappy bird\Debug\link.read.1.tlog
F:\PENDRIVE\Project flappy bird\Project flappy bird\Debug\link.write.1.tlog
F:\PENDRIVE\Project flappy bird\Project flappy bird\Debug\vc110.idb
F:\PENDRIVE\Project flappy bird\Project flappy bird\Debug\vc110.pdb
F:\PENDRIVE\Project flappy bird\Debug\Project flappy bird.pdb
F:\PENDRIVE\Project flappy bird\Debug\Project flappy bird.exe
F:\PENDRIVE\Project flappy bird\Debug\Project flappy bird.ilk
